<?xml version="1.0" encoding="UTF-8"?>
<!-- Generated by org.testng.reporters.JUnitReportReporter -->
<testsuite hostname="BCT-LTP-G1007" failures="0" tests="1" name="com.blazeclan.qa.test.testng.ExtentDemo" time="0.457" errors="0" timestamp="2023-01-13T12:23:07 IST" skipped="0">
  <testcase classname="com.blazeclan.qa.test.testng.ExtentDemo" name="login" time="0.457"/>
  <system-out/>
</testsuite> <!-- com.blazeclan.qa.test.testng.ExtentDemo -->
