<?xml version="1.0" encoding="UTF-8"?>
<!-- Generated by org.testng.reporters.JUnitReportReporter -->
<testsuite hostname="BCT-LTP-G1007" failures="0" tests="1" name="com.blazeclan.qa.test.testng.LoginTest" time="4.016" errors="0" timestamp="2023-02-17T12:21:18 IST" skipped="0">
  <testcase classname="com.blazeclan.qa.test.testng.LoginTest" name="LoginPage" time="4.016"/>
  <system-out/>
</testsuite> <!-- com.blazeclan.qa.test.testng.LoginTest -->
