<?xml version="1.0" encoding="UTF-8"?>
<!-- Generated by org.testng.reporters.JUnitReportReporter -->
<testsuite hostname="BCT-LTP-G1007" failures="0" tests="1" name="com.blazeclan.qa.test.testng.AboutMeTest" time="16.659" errors="0" timestamp="2023-03-27T11:40:02 IST" skipped="0">
  <testcase classname="com.blazeclan.qa.test.testng.AboutMeTest" name="AboutMe" time="16.659"/>
  <system-out/>
</testsuite> <!-- com.blazeclan.qa.test.testng.AboutMeTest -->
