<?xml version="1.0" encoding="UTF-8"?>
<!-- Generated by org.testng.reporters.JUnitReportReporter -->
<testsuite hostname="BCT-LTP-G1007" failures="0" tests="1" name="com.blazeclan.qa.test.testng.LoginTest" time="10.347" errors="0" timestamp="2023-02-20T15:09:54 IST" skipped="0">
  <testcase classname="com.blazeclan.qa.test.testng.LoginTest" name="LoginPage" time="10.347"/>
  <system-out/>
</testsuite> <!-- com.blazeclan.qa.test.testng.LoginTest -->
