<?xml version="1.0" encoding="UTF-8"?>
<!-- Generated by org.testng.reporters.JUnitReportReporter -->
<testsuite hostname="BCT-LTP-G1007" failures="0" tests="1" name="com.blazeclan.qa.test.testng.LogoutTest" time="5.696" errors="0" timestamp="2023-03-21T17:11:22 IST" skipped="0">
  <testcase classname="com.blazeclan.qa.test.testng.LogoutTest" name="Logout" time="5.696"/>
  <system-out/>
</testsuite> <!-- com.blazeclan.qa.test.testng.LogoutTest -->
