<?xml version="1.0" encoding="UTF-8"?>
<!-- Generated by org.testng.reporters.JUnitReportReporter -->
<testsuite hostname="BCT-LTP-G1007" failures="0" tests="1" name="com.blazeclan.qa.test.testng.AboutMeTest" time="15.965" errors="0" timestamp="2023-03-10T12:53:59 IST" skipped="0">
  <testcase classname="com.blazeclan.qa.test.testng.AboutMeTest" name="AboutMe" time="15.965"/>
  <system-out/>
</testsuite> <!-- com.blazeclan.qa.test.testng.AboutMeTest -->
