<?xml version="1.0" encoding="UTF-8"?>
<!-- Generated by org.testng.reporters.JUnitReportReporter -->
<testsuite hostname="BCT-LTP-G1007" failures="0" tests="1" name="com.blazeclan.qa.test.testng.LogoutTest" time="5.481" errors="0" timestamp="2023-02-09T15:48:23 IST" skipped="0">
  <testcase classname="com.blazeclan.qa.test.testng.LogoutTest" name="Logout" time="5.481"/>
  <system-out/>
</testsuite> <!-- com.blazeclan.qa.test.testng.LogoutTest -->
