<?xml version="1.0" encoding="UTF-8"?>
<!-- Generated by org.testng.reporters.JUnitReportReporter -->
<testsuite hostname="BCT-LTP-G1007" failures="0" tests="1" name="com.blazeclan.qa.test.testng.AboutMeTest" time="11.223" errors="0" timestamp="2023-02-10T16:09:33 IST" skipped="0">
  <testcase classname="com.blazeclan.qa.test.testng.AboutMeTest" name="AboutMe" time="11.223"/>
  <system-out/>
</testsuite> <!-- com.blazeclan.qa.test.testng.AboutMeTest -->
